[LOG] System::create                           : Header version = 2.02.13. Current version = 2.02.13.
[LOG] Manager::init                            : maxchannels = 256 studioflags = 00000006 flags 00000000 extradriverdata 0000000000000000.
[LOG] SystemI::init                            : Initialize version=20213 (132591), maxchannels=256, flags=0x00020000
[LOG] SystemI::setOutputInternal               : Setting output to 'FMOD WASAPI Output'
[LOG] OutputWASAPI::init                       : Mix Format (WAVEFORMATEX): wFormatTag=0xFFFE, nChannels=2, nSamplesPerSec=48000, nAvgBytesPerSec=384000, nBlockAlign=8, wBitsPerSample=32, cbSize=22.
[LOG] OutputWASAPI::init                       : Mix Format (WAVEFORMATEXTENSIBLE): wValidBitsPerSample=32, dwChannelMask=0x00000003, SubFormat=00000003-0000-0010-8000-00AA00389B71.
[LOG] OutputWASAPI::init                       : Output buffer size: 4096 samples, latency: 0.00ms, period: 10.00ms, DSP buffer: 1024 * 4
[LOG] Thread::initThread                       : Init FMOD stream thread. Affinity: 0x4000000000000003, Priority: 0xFFFF7FFB, Stack Size: 98304, Semaphore: No, Sleep Time: 10, Looping: Yes.
[LOG] Thread::initThread                       : Init FMOD mixer thread. Affinity: 0x4000000000000001, Priority: 0xFFFF7FFA, Stack Size: 81920, Semaphore: No, Sleep Time: 0, Looping: Yes.
[LOG] AsyncManager::init                       : manager 0000019A797893F8 isAsync 0 updatePeriod 0.02
[LOG] AsyncManager::init                       : done
[LOG] PlaybackSystem::init                     : 
[LOG] Thread::initThread                       : Init FMOD Studio sample load thread. Affinity: 0x4000000000000003, Priority: 0xFFFF7FFD, Stack Size: 98304, Semaphore: No, Sleep Time: 1, Looping: No.
[LOG] PlaybackSystem::init                     : done
[LOG] Thread::initThread                       : Init FMOD Studio bank load thread. Affinity: 0x4000000000000003, Priority: 0xFFFF7FFD, Stack Size: 98304, Semaphore: No, Sleep Time: 1, Looping: No.
[LOG] Manager::init                            : done.
[LOG] Manager::readBank                        : fileversion = 142, compatVersion = 140 (oldest = 44, newest = 142)
[LOG] Manager::readBank                        : fileversion = 142, compatVersion = 140 (oldest = 44, newest = 142)
[LOG] Manager::readBank                        : fileversion = 142, compatVersion = 140 (oldest = 44, newest = 142)
[LOG] Manager::readBank                        : fileversion = 142, compatVersion = 140 (oldest = 44, newest = 142)
[LOG] PlaybackSystem::acquireMasterBus         : Setting master channel group format to 6
[LOG] SystemI::createSoundInternal             : Create name='', mode=0x02000202
[LOG] SystemI::createSoundInternal             : exinfo->cbsize             = 224
[LOG] SystemI::createSoundInternal             : exinfo->length             = 3852992
[LOG] SystemI::createSoundInternal             : exinfo->fileoffset         = 12128
[LOG] SystemI::createSoundInternal             : exinfo->numsubsounds       = 1
[LOG] SystemI::createSoundInternal             : exinfo->inclusionlist      = 0000003F582BF5B8
[LOG] SystemI::createSoundInternal             : exinfo->inclusionlistnum   = 1
[LOG] SystemI::createSoundInternal             : exinfo->suggestedsoundtype = 5
[LOG] SystemI::createSoundInternal             : exinfo->useropen           = 00007FF91B9F39D0
[LOG] SystemI::createSoundInternal             : exinfo->userclose          = 00007FF91B9F3990
[LOG] SystemI::createSoundInternal             : exinfo->userread           = 00007FF91B9F3AB0
[LOG] SystemI::createSoundInternal             : exinfo->userseek           = 00007FF91B9F3B70
[LOG] SystemI::createSoundInternal             : exinfo->fileuserdata       = 0000019B64C388A8
[LOG] SystemI::createSoundInternal             : exinfo->initialseekpostype = 1
[LOG] SystemI::DSPCodecPoolRegister            : register codec pool for pool type 5
[LOG] SystemI::createSoundInternal             : Sample 0/1: name='Gun Shot', format=5, channels=2, frequency=48000, lengthbytes=4736, lengthpcm=15936, pcmblocksize=0, loopstart=0, loopend=0, mode=0x00000000, channelmask=0x00000000, channelorder=0, peakvolume=1.000000.
[LOG] SystemI::createSoundInternal             : Create name='', mode=0x02000202
[LOG] SystemI::createSoundInternal             : exinfo->cbsize             = 224
[LOG] SystemI::createSoundInternal             : exinfo->length             = 3852992
[LOG] SystemI::createSoundInternal             : exinfo->fileoffset         = 12128
[LOG] SystemI::createSoundInternal             : exinfo->numsubsounds       = 1
[LOG] SystemI::createSoundInternal             : exinfo->inclusionlist      = 0000003F582BF5B8
[LOG] SystemI::createSoundInternal             : exinfo->inclusionlistnum   = 1
[LOG] SystemI::createSoundInternal             : exinfo->suggestedsoundtype = 5
[LOG] SystemI::createSoundInternal             : exinfo->useropen           = 00007FF91B9F39D0
[LOG] SystemI::createSoundInternal             : exinfo->userclose          = 00007FF91B9F3990
[LOG] SystemI::createSoundInternal             : exinfo->userread           = 00007FF91B9F3AB0
[LOG] SystemI::createSoundInternal             : exinfo->userseek           = 00007FF91B9F3B70
[LOG] SystemI::createSoundInternal             : exinfo->fileuserdata       = 0000019B64C388A8
[LOG] SystemI::createSoundInternal             : exinfo->initialseekpostype = 1
[LOG] SystemI::DSPCodecPoolRegister            : register codec pool for pool type 5
[LOG] SystemI::createSoundInternal             : Sample 0/1: name='step 1', format=5, channels=2, frequency=48000, lengthbytes=4992, lengthpcm=24000, pcmblocksize=0, loopstart=0, loopend=0, mode=0x00000000, channelmask=0x00000000, channelorder=0, peakvolume=0.175110.
[LOG] SystemI::createSoundInternal             : Create name='', mode=0x02000202
[LOG] SystemI::createSoundInternal             : exinfo->cbsize             = 224
[LOG] SystemI::createSoundInternal             : exinfo->length             = 3852992
[LOG] SystemI::createSoundInternal             : exinfo->fileoffset         = 12128
[LOG] SystemI::createSoundInternal             : exinfo->numsubsounds       = 1
[LOG] SystemI::createSoundInternal             : exinfo->inclusionlist      = 0000003F582BF5B8
[LOG] SystemI::createSoundInternal             : exinfo->inclusionlistnum   = 1
[LOG] SystemI::createSoundInternal             : exinfo->suggestedsoundtype = 5
[LOG] SystemI::createSoundInternal             : exinfo->useropen           = 00007FF91B9F39D0
[LOG] SystemI::createSoundInternal             : exinfo->userclose          = 00007FF91B9F3990
[LOG] SystemI::createSoundInternal             : exinfo->userread           = 00007FF91B9F3AB0
[LOG] SystemI::createSoundInternal             : exinfo->userseek           = 00007FF91B9F3B70
[LOG] SystemI::createSoundInternal             : exinfo->fileuserdata       = 0000019B64C388A8
[LOG] SystemI::createSoundInternal             : exinfo->initialseekpostype = 1
[LOG] SystemI::DSPCodecPoolRegister            : register codec pool for pool type 5
[LOG] SystemI::createSoundInternal             : Sample 0/1: name='step 7', format=5, channels=2, frequency=48000, lengthbytes=5024, lengthpcm=24000, pcmblocksize=0, loopstart=0, loopend=0, mode=0x00000000, channelmask=0x00000000, channelorder=0, peakvolume=0.311249.
[LOG] SystemI::createSoundInternal             : Create name='', mode=0x02000202
[LOG] SystemI::createSoundInternal             : exinfo->cbsize             = 224
[LOG] SystemI::createSoundInternal             : exinfo->length             = 3852992
[LOG] SystemI::createSoundInternal             : exinfo->fileoffset         = 12128
[LOG] SystemI::createSoundInternal             : exinfo->numsubsounds       = 1
[LOG] SystemI::createSoundInternal             : exinfo->inclusionlist      = 0000003F582BF5B8
[LOG] SystemI::createSoundInternal             : exinfo->inclusionlistnum   = 1
[LOG] SystemI::createSoundInternal             : exinfo->suggestedsoundtype = 5
[LOG] SystemI::createSoundInternal             : exinfo->useropen           = 00007FF91B9F39D0
[LOG] SystemI::createSoundInternal             : exinfo->userclose          = 00007FF91B9F3990
[LOG] SystemI::createSoundInternal             : exinfo->userread           = 00007FF91B9F3AB0
[LOG] SystemI::createSoundInternal             : exinfo->userseek           = 00007FF91B9F3B70
[LOG] SystemI::createSoundInternal             : exinfo->fileuserdata       = 0000019B64C388A8
[LOG] SystemI::createSoundInternal             : exinfo->initialseekpostype = 1
[LOG] SystemI::DSPCodecPoolRegister            : register codec pool for pool type 5
[LOG] SystemI::createSoundInternal             : Sample 0/1: name='step 3', format=5, channels=2, frequency=48000, lengthbytes=4928, lengthpcm=24000, pcmblocksize=0, loopstart=0, loopend=0, mode=0x00000000, channelmask=0x00000000, channelorder=0, peakvolume=0.222656.
[LOG] SystemI::createSoundInternal             : Create name='', mode=0x02000202
[LOG] SystemI::createSoundInternal             : exinfo->cbsize             = 224
[LOG] SystemI::createSoundInternal             : exinfo->length             = 3852992
[LOG] SystemI::createSoundInternal             : exinfo->fileoffset         = 12128
[LOG] SystemI::createSoundInternal             : exinfo->numsubsounds       = 1
[LOG] SystemI::createSoundInternal             : exinfo->inclusionlist      = 0000003F582BF5B8
[LOG] SystemI::createSoundInternal             : exinfo->inclusionlistnum   = 1
[LOG] SystemI::createSoundInternal             : exinfo->suggestedsoundtype = 5
[LOG] SystemI::createSoundInternal             : exinfo->useropen           = 00007FF91B9F39D0
[LOG] SystemI::createSoundInternal             : exinfo->userclose          = 00007FF91B9F3990
[LOG] SystemI::createSoundInternal             : exinfo->userread           = 00007FF91B9F3AB0
[LOG] SystemI::createSoundInternal             : exinfo->userseek           = 00007FF91B9F3B70
[LOG] SystemI::createSoundInternal             : exinfo->fileuserdata       = 0000019B64C388A8
[LOG] SystemI::createSoundInternal             : exinfo->initialseekpostype = 1
[LOG] SystemI::DSPCodecPoolRegister            : register codec pool for pool type 5
[LOG] SystemI::createSoundInternal             : Sample 0/1: name='step 5', format=5, channels=2, frequency=48000, lengthbytes=4960, lengthpcm=24000, pcmblocksize=0, loopstart=0, loopend=0, mode=0x00000000, channelmask=0x00000000, channelorder=0, peakvolume=0.208954.
[LOG] SystemI::createSoundInternal             : Create name='', mode=0x02000202
[LOG] SystemI::createSoundInternal             : exinfo->cbsize             = 224
[LOG] SystemI::createSoundInternal             : exinfo->length             = 3852992
[LOG] SystemI::createSoundInternal             : exinfo->fileoffset         = 12128
[LOG] SystemI::createSoundInternal             : exinfo->numsubsounds       = 1
[LOG] SystemI::createSoundInternal             : exinfo->inclusionlist      = 0000003F582BF5B8
[LOG] SystemI::createSoundInternal             : exinfo->inclusionlistnum   = 1
[LOG] SystemI::createSoundInternal             : exinfo->suggestedsoundtype = 5
[LOG] SystemI::createSoundInternal             : exinfo->useropen           = 00007FF91B9F39D0
[LOG] SystemI::createSoundInternal             : exinfo->userclose          = 00007FF91B9F3990
[LOG] SystemI::createSoundInternal             : exinfo->userread           = 00007FF91B9F3AB0
[LOG] SystemI::createSoundInternal             : exinfo->userseek           = 00007FF91B9F3B70
[LOG] SystemI::createSoundInternal             : exinfo->fileuserdata       = 0000019B64C388A8
[LOG] SystemI::createSoundInternal             : exinfo->initialseekpostype = 1
[LOG] SystemI::DSPCodecPoolRegister            : register codec pool for pool type 5
[LOG] SystemI::createSoundInternal             : Sample 0/1: name='step 4', format=5, channels=2, frequency=48000, lengthbytes=5088, lengthpcm=24000, pcmblocksize=0, loopstart=0, loopend=0, mode=0x00000000, channelmask=0x00000000, channelorder=0, peakvolume=0.182739.
[LOG] SystemI::createSoundInternal             : Create name='', mode=0x02000202
[LOG] SystemI::createSoundInternal             : exinfo->cbsize             = 224
[LOG] SystemI::createSoundInternal             : exinfo->length             = 3852992
[LOG] SystemI::createSoundInternal             : exinfo->fileoffset         = 12128
[LOG] SystemI::createSoundInternal             : exinfo->numsubsounds       = 1
[LOG] SystemI::createSoundInternal             : exinfo->inclusionlist      = 0000003F582BF5B8
[LOG] SystemI::createSoundInternal             : exinfo->inclusionlistnum   = 1
[LOG] SystemI::createSoundInternal             : exinfo->suggestedsoundtype = 5
[LOG] SystemI::createSoundInternal             : exinfo->useropen           = 00007FF91B9F39D0
[LOG] SystemI::createSoundInternal             : exinfo->userclose          = 00007FF91B9F3990
[LOG] SystemI::createSoundInternal             : exinfo->userread           = 00007FF91B9F3AB0
[LOG] SystemI::createSoundInternal             : exinfo->userseek           = 00007FF91B9F3B70
[LOG] SystemI::createSoundInternal             : exinfo->fileuserdata       = 0000019B64C388A8
[LOG] SystemI::createSoundInternal             : exinfo->initialseekpostype = 1
[LOG] SystemI::DSPCodecPoolRegister            : register codec pool for pool type 5
[LOG] SystemI::createSoundInternal             : Sample 0/1: name='step 2', format=5, channels=2, frequency=48000, lengthbytes=5056, lengthpcm=24000, pcmblocksize=0, loopstart=0, loopend=0, mode=0x00000000, channelmask=0x00000000, channelorder=0, peakvolume=0.998993.
[LOG] SystemI::createSoundInternal             : Create name='', mode=0x02000202
[LOG] SystemI::createSoundInternal             : exinfo->cbsize             = 224
[LOG] SystemI::createSoundInternal             : exinfo->length             = 3852992
[LOG] SystemI::createSoundInternal             : exinfo->fileoffset         = 12128
[LOG] SystemI::createSoundInternal             : exinfo->numsubsounds       = 1
[LOG] SystemI::createSoundInternal             : exinfo->inclusionlist      = 0000003F582BF5B8
[LOG] SystemI::createSoundInternal             : exinfo->inclusionlistnum   = 1
[LOG] SystemI::createSoundInternal             : exinfo->suggestedsoundtype = 5
[LOG] SystemI::createSoundInternal             : exinfo->useropen           = 00007FF91B9F39D0
[LOG] SystemI::createSoundInternal             : exinfo->userclose          = 00007FF91B9F3990
[LOG] SystemI::createSoundInternal             : exinfo->userread           = 00007FF91B9F3AB0
[LOG] SystemI::createSoundInternal             : exinfo->userseek           = 00007FF91B9F3B70
[LOG] SystemI::createSoundInternal             : exinfo->fileuserdata       = 0000019B64C388A8
[LOG] SystemI::createSoundInternal             : exinfo->initialseekpostype = 1
[LOG] SystemI::DSPCodecPoolRegister            : register codec pool for pool type 5
[LOG] SystemI::createSoundInternal             : Sample 0/1: name='step 6', format=5, channels=2, frequency=48000, lengthbytes=4992, lengthpcm=24000, pcmblocksize=0, loopstart=0, loopend=0, mode=0x00000000, channelmask=0x00000000, channelorder=0, peakvolume=0.390839.
[LOG] SystemI::createSoundInternal             : Create name='', mode=0x02000202
[LOG] SystemI::createSoundInternal             : exinfo->cbsize             = 224
[LOG] SystemI::createSoundInternal             : exinfo->length             = 3852992
[LOG] SystemI::createSoundInternal             : exinfo->fileoffset         = 12128
[LOG] SystemI::createSoundInternal             : exinfo->numsubsounds       = 1
[LOG] SystemI::createSoundInternal             : exinfo->inclusionlist      = 0000003F582BF5B8
[LOG] SystemI::createSoundInternal             : exinfo->inclusionlistnum   = 1
[LOG] SystemI::createSoundInternal             : exinfo->suggestedsoundtype = 5
[LOG] SystemI::createSoundInternal             : exinfo->useropen           = 00007FF91B9F39D0
[LOG] SystemI::createSoundInternal             : exinfo->userclose          = 00007FF91B9F3990
[LOG] SystemI::createSoundInternal             : exinfo->userread           = 00007FF91B9F3AB0
[LOG] SystemI::createSoundInternal             : exinfo->userseek           = 00007FF91B9F3B70
[LOG] SystemI::createSoundInternal             : exinfo->fileuserdata       = 0000019B64C388A8
[LOG] SystemI::createSoundInternal             : exinfo->initialseekpostype = 1
[LOG] SystemI::DSPCodecPoolRegister            : register codec pool for pool type 5
[LOG] SystemI::createSoundInternal             : Sample 0/1: name='step 8', format=5, channels=2, frequency=48000, lengthbytes=5152, lengthpcm=24000, pcmblocksize=0, loopstart=0, loopend=0, mode=0x00000000, channelmask=0x00000000, channelorder=0, peakvolume=0.144165.
[LOG] SystemI::createSoundInternal             : Create name='', mode=0x02000202
[LOG] SystemI::createSoundInternal             : exinfo->cbsize             = 224
[LOG] SystemI::createSoundInternal             : exinfo->length             = 3852992
[LOG] SystemI::createSoundInternal             : exinfo->fileoffset         = 12128
[LOG] SystemI::createSoundInternal             : exinfo->numsubsounds       = 1
[LOG] SystemI::createSoundInternal             : exinfo->inclusionlist      = 0000003F582BF5B8
[LOG] SystemI::createSoundInternal             : exinfo->inclusionlistnum   = 1
[LOG] SystemI::createSoundInternal             : exinfo->suggestedsoundtype = 5
[LOG] SystemI::createSoundInternal             : exinfo->useropen           = 00007FF91B9F39D0
[LOG] SystemI::createSoundInternal             : exinfo->userclose          = 00007FF91B9F3990
[LOG] SystemI::createSoundInternal             : exinfo->userread           = 00007FF91B9F3AB0
[LOG] SystemI::createSoundInternal             : exinfo->userseek           = 00007FF91B9F3B70
[LOG] SystemI::createSoundInternal             : exinfo->fileuserdata       = 0000019B64C388A8
[LOG] SystemI::createSoundInternal             : exinfo->initialseekpostype = 1
[LOG] SystemI::DSPCodecPoolRegister            : register codec pool for pool type 5
[LOG] SystemI::createSoundInternal             : Sample 0/1: name='ui click', format=5, channels=2, frequency=48000, lengthbytes=1376, lengthpcm=3572, pcmblocksize=0, loopstart=0, loopend=0, mode=0x00000000, channelmask=0x00000000, channelorder=0, peakvolume=0.138548.
[LOG] SoundI::release                          : in game music (0000019A6F29C8D8)
[LOG] SoundI::release                          :     in game music (0000019A6F593F38)
[LOG] SoundI::release                          :     in game music (0000019A6F2A0FB8)
[LOG] SoundI::release                          :  (0000019B51EB74F8)
[LOG] SoundI::release                          :     step 1 (0000019B65127BE8)
[LOG] SoundI::release                          :  (0000019B51EB8ED8)
[LOG] SoundI::release                          :     step 2 (0000019A7A6DF958)
[LOG] SoundI::release                          :  (0000019B51EB53E8)
[LOG] SoundI::release                          :     step 3 (0000019B6512A2E8)
[LOG] SoundI::release                          :  (0000019B51EB8D68)
[LOG] SoundI::release                          :     step 4 (0000019B651288E8)
[LOG] SoundI::release                          :  (0000019B51EB7C28)
[LOG] SoundI::release                          :     step 5 (0000019B6512A488)
[LOG] SoundI::release                          :  (0000019B51EB3CE8)
[LOG] SoundI::release                          :     step 6 (0000019A7A6DDC18)
[LOG] SoundI::release                          :  (0000019B51EB6DC8)
[LOG] SoundI::release                          :     step 7 (0000019B6512A148)
[LOG] SoundI::release                          :  (0000019B51EB4E28)
[LOG] SoundI::release                          :     step 8 (0000019A7A6DF618)
[LOG] SoundI::release                          :  (0000019B51EB7AB8)
[LOG] SoundI::release                          :     Gun Shot (0000019B65129928)
[LOG] SoundI::release                          :  (0000019B51EBE518)
[LOG] SoundI::release                          :     ui click (0000019A7A6DD738)
[LOG] Thread::callback                         : FMOD Studio update thread finished.
[LOG] Thread::callback                         : FMOD Studio bank load thread finished.
[LOG] Profile::disconnectAll                   : Profiler disconnecting all clients
[LOG] Thread::callback                         : FMOD Studio sample load thread finished.
[LOG] LiveUpdate::release                      : 
[LOG] LiveUpdate::reset                        : Reset connection (reason Disconnected)
[LOG] Thread::callback                         : FMOD stream thread finished.
[LOG] Thread::callback                         : FMOD mixer thread finished.
[LOG] Profile::disconnectAll                   : Profiler disconnecting all clients
[LOG] SystemI::close                           : Closed.
